<?xml version="1.0" encoding="UTF-8"?>
<testsuite xmlns:xsi="http://www.w3.org/2001/XMLSchema-instance" xsi:noNamespaceSchemaLocation="https://maven.apache.org/surefire/maven-surefire-plugin/xsd/surefire-test-report.xsd" version="3.0.2" name="com.example.demo.KafkaMonitorApplicationTests" time="5.661" tests="1" errors="0" skipped="0" failures="0">
  <properties>
[...]
</properties>
  <testcase name="contextLoads" classname="com.example.demo.KafkaMonitorApplicationTests" time="1.033">
    <system-out><![CDATA[14:42:31.135 [main] INFO org.springframework.test.context.support.AnnotationConfigContextLoaderUtils -- Could not detect default configuration classes for test class [com.example.demo.KafkaMonitorApplicationTests]: KafkaMonitorApplicationTests does not declare any static, non-private, non-final, nested classes annotated with @Configuration.
14:42:31.322 [main] INFO org.springframework.boot.test.context.SpringBootTestContextBootstrapper -- Found @SpringBootConfiguration com.example.demo.KafkaMonitorApplication for test class com.example.demo.KafkaMonitorApplicationTests

  .   ____          _            __ _ _
 /\\ / ___'_ __ _ _(_)_ __  __ _ \ \ \ \
( ( )\___ | '_ | '_| | '_ \/ _` | \ \ \ \
 \\/  ___)| |_)| | | | | || (_| |  ) ) ) )
  '  |____| .__|_| |_|_| |_\__, | / / / /
 =========|_|==============|___/=/_/_/_/

 :: Spring Boot ::                (v3.5.9)

2026-01-15T14:42:32.088Z  INFO 24322 --- [kafka-monitor] [           main] c.e.demo.KafkaMonitorApplicationTests    : Starting KafkaMonitorApplicationTests using Java 17.0.17 with PID 24322 (started by codespace in /workspaces/spring-boot-kafka-monitor)
2026-01-15T14:42:32.094Z  INFO 24322 --- [kafka-monitor] [           main] c.e.demo.KafkaMonitorApplicationTests    : No active profile set, falling back to 1 default profile: "default"
2026-01-15T14:42:34.938Z  INFO 24322 --- [kafka-monitor] [           main] o.s.b.a.e.web.EndpointLinksResolver      : Exposing 2 endpoints beneath base path '/actuator'
2026-01-15T14:42:35.092Z  INFO 24322 --- [kafka-monitor] [           main] o.a.k.clients.consumer.ConsumerConfig    : ConsumerConfig values: 
	allow.auto.create.topics = true
	auto.commit.interval.ms = 5000
	auto.include.jmx.reporter = true
	auto.offset.reset = earliest
	bootstrap.servers = [localhost:9092]
	check.crcs = true
	client.dns.lookup = use_all_dns_ips
	client.id = consumer-demo-consumer-group-1
	client.rack = 
	connections.max.idle.ms = 540000
	default.api.timeout.ms = 60000
	enable.auto.commit = false
	enable.metrics.push = true
	exclude.internal.topics = true
	fetch.max.bytes = 52428800
	fetch.max.wait.ms = 500
	fetch.min.bytes = 1
	group.id = demo-consumer-group
	group.instance.id = null
	group.protocol = classic
	group.remote.assignor = null
	heartbeat.interval.ms = 3000
	interceptor.classes = []
	internal.leave.group.on.close = true
	internal.throw.on.fetch.stable.offset.unsupported = false
	isolation.level = read_uncommitted
	key.deserializer = class org.apache.kafka.common.serialization.StringDeserializer
	max.partition.fetch.bytes = 1048576
	max.poll.interval.ms = 300000
	max.poll.records = 500
	metadata.max.age.ms = 300000
	metadata.recovery.strategy = none
	metric.reporters = []
	metrics.num.samples = 2
	metrics.recording.level = INFO
	metrics.sample.window.ms = 30000
	partition.assignment.strategy = [class org.apache.kafka.clients.consumer.RangeAssignor, class org.apache.kafka.clients.consumer.CooperativeStickyAssignor]
	receive.buffer.bytes = 65536
	reconnect.backoff.max.ms = 1000
	reconnect.backoff.ms = 50
	request.timeout.ms = 30000
	retry.backoff.max.ms = 1000
	retry.backoff.ms = 100
	sasl.client.callback.handler.class = null
	sasl.jaas.config = null
	sasl.kerberos.kinit.cmd = /usr/bin/kinit
	sasl.kerberos.min.time.before.relogin = 60000
	sasl.kerberos.service.name = null
	sasl.kerberos.ticket.renew.jitter = 0.05
	sasl.kerberos.ticket.renew.window.factor = 0.8
	sasl.login.callback.handler.class = null
	sasl.login.class = null
	sasl.login.connect.timeout.ms = null
	sasl.login.read.timeout.ms = null
	sasl.login.refresh.buffer.seconds = 300
	sasl.login.refresh.min.period.seconds = 60
	sasl.login.refresh.window.factor = 0.8
	sasl.login.refresh.window.jitter = 0.05
	sasl.login.retry.backoff.max.ms = 10000
	sasl.login.retry.backoff.ms = 100
	sasl.mechanism = GSSAPI
	sasl.oauthbearer.clock.skew.seconds = 30
	sasl.oauthbearer.expected.audience = null
	sasl.oauthbearer.expected.issuer = null
	sasl.oauthbearer.header.urlencode = false
	sasl.oauthbearer.jwks.endpoint.refresh.ms = 3600000
	sasl.oauthbearer.jwks.endpoint.retry.backoff.max.ms = 10000
	sasl.oauthbearer.jwks.endpoint.retry.backoff.ms = 100
	sasl.oauthbearer.jwks.endpoint.url = null
	sasl.oauthbearer.scope.claim.name = scope
	sasl.oauthbearer.sub.claim.name = sub
	sasl.oauthbearer.token.endpoint.url = null
	security.protocol = PLAINTEXT
	security.providers = null
	send.buffer.bytes = 131072
	session.timeout.ms = 45000
	socket.connection.setup.timeout.max.ms = 30000
	socket.connection.setup.timeout.ms = 10000
	ssl.cipher.suites = null
	ssl.enabled.protocols = [TLSv1.2, TLSv1.3]
	ssl.endpoint.identification.algorithm = https
	ssl.engine.factory.class = null
	ssl.key.password = null
	ssl.keymanager.algorithm = SunX509
	ssl.keystore.certificate.chain = null
	ssl.keystore.key = null
	ssl.keystore.location = null
	ssl.keystore.password = null
	ssl.keystore.type = JKS
	ssl.protocol = TLSv1.3
	ssl.provider = null
	ssl.secure.random.implementation = null
	ssl.trustmanager.algorithm = PKIX
	ssl.truststore.certificates = null
	ssl.truststore.location = null
	ssl.truststore.password = null
	ssl.truststore.type = JKS
	value.deserializer = class org.apache.kafka.common.serialization.StringDeserializer

2026-01-15T14:42:35.196Z  INFO 24322 --- [kafka-monitor] [           main] o.a.k.c.t.i.KafkaMetricsCollector        : initializing Kafka metrics collector
2026-01-15T14:42:35.393Z  INFO 24322 --- [kafka-monitor] [           main] o.a.kafka.common.utils.AppInfoParser     : Kafka version: 3.9.1
2026-01-15T14:42:35.394Z  INFO 24322 --- [kafka-monitor] [           main] o.a.kafka.common.utils.AppInfoParser     : Kafka commitId: f745dfdcee2b9851
2026-01-15T14:42:35.395Z  INFO 24322 --- [kafka-monitor] [           main] o.a.kafka.common.utils.AppInfoParser     : Kafka startTimeMs: 1768488155391
2026-01-15T14:42:35.412Z  INFO 24322 --- [kafka-monitor] [           main] o.a.k.c.c.i.ClassicKafkaConsumer         : [Consumer clientId=consumer-demo-consumer-group-1, groupId=demo-consumer-group] Subscribed to topic(s): demo-topic
2026-01-15T14:42:35.474Z  INFO 24322 --- [kafka-monitor] [           main] c.e.demo.KafkaMonitorApplicationTests    : Started KafkaMonitorApplicationTests in 3.912 seconds (process running for 5.447)
2026-01-15T14:42:35.947Z  INFO 24322 --- [kafka-monitor] [ntainer#0-0-C-1] org.apache.kafka.clients.NetworkClient   : [Consumer clientId=consumer-demo-consumer-group-1, groupId=demo-consumer-group] Node -1 disconnected.
2026-01-15T14:42:35.950Z  WARN 24322 --- [kafka-monitor] [ntainer#0-0-C-1] org.apache.kafka.clients.NetworkClient   : [Consumer clientId=consumer-demo-consumer-group-1, groupId=demo-consumer-group] Connection to node -1 (localhost/127.0.0.1:9092) could not be established. Node may not be available.
2026-01-15T14:42:35.950Z  WARN 24322 --- [kafka-monitor] [ntainer#0-0-C-1] org.apache.kafka.clients.NetworkClient   : [Consumer clientId=consumer-demo-consumer-group-1, groupId=demo-consumer-group] Bootstrap broker localhost:9092 (id: -1 rack: null) disconnected
2026-01-15T14:42:36.078Z  INFO 24322 --- [kafka-monitor] [ntainer#0-0-C-1] org.apache.kafka.clients.NetworkClient   : [Consumer clientId=consumer-demo-consumer-group-1, groupId=demo-consumer-group] Node -1 disconnected.
2026-01-15T14:42:36.078Z  WARN 24322 --- [kafka-monitor] [ntainer#0-0-C-1] org.apache.kafka.clients.NetworkClient   : [Consumer clientId=consumer-demo-consumer-group-1, groupId=demo-consumer-group] Connection to node -1 (localhost/127.0.0.1:9092) could not be established. Node may not be available.
2026-01-15T14:42:36.079Z  WARN 24322 --- [kafka-monitor] [ntainer#0-0-C-1] org.apache.kafka.clients.NetworkClient   : [Consumer clientId=consumer-demo-consumer-group-1, groupId=demo-consumer-group] Bootstrap broker localhost:9092 (id: -1 rack: null) disconnected
2026-01-15T14:42:36.235Z  INFO 24322 --- [kafka-monitor] [ntainer#0-0-C-1] org.apache.kafka.clients.NetworkClient   : [Consumer clientId=consumer-demo-consumer-group-1, groupId=demo-consumer-group] Node -1 disconnected.
2026-01-15T14:42:36.236Z  WARN 24322 --- [kafka-monitor] [ntainer#0-0-C-1] org.apache.kafka.clients.NetworkClient   : [Consumer clientId=consumer-demo-consumer-group-1, groupId=demo-consumer-group] Connection to node -1 (localhost/127.0.0.1:9092) could not be established. Node may not be available.
2026-01-15T14:42:36.236Z  WARN 24322 --- [kafka-monitor] [ntainer#0-0-C-1] org.apache.kafka.clients.NetworkClient   : [Consumer clientId=consumer-demo-consumer-group-1, groupId=demo-consumer-group] Bootstrap broker localhost:9092 (id: -1 rack: null) disconnected
2026-01-15T14:42:36.441Z  INFO 24322 --- [kafka-monitor] [ntainer#0-0-C-1] org.apache.kafka.clients.NetworkClient   : [Consumer clientId=consumer-demo-consumer-group-1, groupId=demo-consumer-group] Node -1 disconnected.
2026-01-15T14:42:36.442Z  WARN 24322 --- [kafka-monitor] [ntainer#0-0-C-1] org.apache.kafka.clients.NetworkClient   : [Consumer clientId=consumer-demo-consumer-group-1, groupId=demo-consumer-group] Connection to node -1 (localhost/127.0.0.1:9092) could not be established. Node may not be available.
2026-01-15T14:42:36.442Z  WARN 24322 --- [kafka-monitor] [ntainer#0-0-C-1] org.apache.kafka.clients.NetworkClient   : [Consumer clientId=consumer-demo-consumer-group-1, groupId=demo-consumer-group] Bootstrap broker localhost:9092 (id: -1 rack: null) disconnected
]]></system-out>
  </testcase>
</testsuite>